<?xml version="1.0" encoding="UTF-8"?>
<!-- Generated by org.testng.reporters.JUnitReportReporter -->
<testsuite skipped="0" hostname="Lenovo" name="TestOne" tests="2" failures="0" timestamp="18 Jun 2020 06:32:09 GMT" time="0.017" errors="0">
  <testcase name="tc1" time="0.015" classname="TestOne"/>
  <testcase name="tc2" time="0.002" classname="TestOne"/>
</testsuite> <!-- TestOne -->
